0 info it worked if it ends with ok
1 verbose cli [ '/usr/bin/nodejs',
1 verbose cli   '/usr/bin/npm',
1 verbose cli   'install',
1 verbose cli   '-g',
1 verbose cli   'live-server' ]
2 info using npm@2.15.9
3 info using node@v4.5.0
4 verbose install initial load of /usr/lib/package.json
5 verbose readDependencies loading dependencies from /usr/lib/package.json
6 silly cache add args [ 'live-server', null ]
7 verbose cache add spec live-server
8 silly cache add parsed spec Result {
8 silly cache add   raw: 'live-server',
8 silly cache add   scope: null,
8 silly cache add   name: 'live-server',
8 silly cache add   rawSpec: '',
8 silly cache add   spec: 'latest',
8 silly cache add   type: 'tag' }
9 silly addNamed live-server@latest
10 verbose addNamed "latest" is being treated as a dist-tag for live-server
11 info addNameTag [ 'live-server', 'latest' ]
12 silly mapToRegistry name live-server
13 silly mapToRegistry using default registry
14 silly mapToRegistry registry https://registry.npmjs.org/
15 silly mapToRegistry data Result {
15 silly mapToRegistry   raw: 'live-server',
15 silly mapToRegistry   scope: null,
15 silly mapToRegistry   name: 'live-server',
15 silly mapToRegistry   rawSpec: '',
15 silly mapToRegistry   spec: 'latest',
15 silly mapToRegistry   type: 'tag' }
16 silly mapToRegistry uri https://registry.npmjs.org/live-server
17 verbose addNameTag registry:https://registry.npmjs.org/live-server not in flight; fetching
18 verbose request uri https://registry.npmjs.org/live-server
19 verbose request no auth needed
20 info attempt registry request try #1 at 19:12:39
21 verbose request id 3d1549fe38adf9b3
22 http request GET https://registry.npmjs.org/live-server
23 http 200 https://registry.npmjs.org/live-server
24 verbose headers { server: 'CouchDB/1.6.1 (Erlang OTP/R16B03)',
24 verbose headers   etag: '"3F1NCF53811QT8QAH76UZJH0Q"',
24 verbose headers   'content-type': 'application/json',
24 verbose headers   'content-encoding': 'gzip',
24 verbose headers   'cache-control': 'max-age=300',
24 verbose headers   'content-length': '9554',
24 verbose headers   'accept-ranges': 'bytes',
24 verbose headers   date: 'Wed, 14 Sep 2016 22:12:40 GMT',
24 verbose headers   via: '1.1 varnish',
24 verbose headers   age: '0',
24 verbose headers   connection: 'keep-alive',
24 verbose headers   'x-served-by': 'cache-gru7122-GRU',
24 verbose headers   'x-cache': 'MISS',
24 verbose headers   'x-cache-hits': '0',
24 verbose headers   'x-timer': 'S1473891159.910890,VS0,VE785',
24 verbose headers   vary: 'Accept-Encoding' }
25 silly get cb [ 200,
25 silly get   { server: 'CouchDB/1.6.1 (Erlang OTP/R16B03)',
25 silly get     etag: '"3F1NCF53811QT8QAH76UZJH0Q"',
25 silly get     'content-type': 'application/json',
25 silly get     'content-encoding': 'gzip',
25 silly get     'cache-control': 'max-age=300',
25 silly get     'content-length': '9554',
25 silly get     'accept-ranges': 'bytes',
25 silly get     date: 'Wed, 14 Sep 2016 22:12:40 GMT',
25 silly get     via: '1.1 varnish',
25 silly get     age: '0',
25 silly get     connection: 'keep-alive',
25 silly get     'x-served-by': 'cache-gru7122-GRU',
25 silly get     'x-cache': 'MISS',
25 silly get     'x-cache-hits': '0',
25 silly get     'x-timer': 'S1473891159.910890,VS0,VE785',
25 silly get     vary: 'Accept-Encoding' } ]
26 verbose get saving live-server to /home/juan/.npm/registry.npmjs.org/live-server/.cache.json
27 verbose correctMkdir /home/juan/.npm correctMkdir not in flight; initializing
28 silly addNameTag next cb for live-server with tag latest
29 silly addNamed live-server@1.1.0
30 verbose addNamed "1.1.0" is a plain semver version for live-server
31 silly mapToRegistry name live-server
32 silly mapToRegistry using default registry
33 silly mapToRegistry registry https://registry.npmjs.org/
34 silly mapToRegistry data Result {
34 silly mapToRegistry   raw: 'live-server',
34 silly mapToRegistry   scope: null,
34 silly mapToRegistry   name: 'live-server',
34 silly mapToRegistry   rawSpec: '',
34 silly mapToRegistry   spec: 'latest',
34 silly mapToRegistry   type: 'tag' }
35 silly mapToRegistry uri https://registry.npmjs.org/live-server
36 verbose addRemoteTarball https://registry.npmjs.org/live-server/-/live-server-1.1.0.tgz not in flight; adding
37 verbose addRemoteTarball [ 'https://registry.npmjs.org/live-server/-/live-server-1.1.0.tgz',
37 verbose addRemoteTarball   'a69f0e6ca581e0391aa57941970e17c308dd4869' ]
38 info retry fetch attempt 1 at 19:12:40
39 info attempt registry request try #1 at 19:12:40
40 http fetch GET https://registry.npmjs.org/live-server/-/live-server-1.1.0.tgz
41 http fetch 200 https://registry.npmjs.org/live-server/-/live-server-1.1.0.tgz
42 silly fetchAndShaCheck shasum a69f0e6ca581e0391aa57941970e17c308dd4869
43 verbose addTmpTarball /tmp/npm-8797-e01fd9f6/registry.npmjs.org/live-server/-/live-server-1.1.0.tgz not in flight; adding
44 verbose addTmpTarball already have metadata; skipping unpack for live-server@1.1.0
45 verbose correctMkdir /home/juan/.npm correctMkdir not in flight; initializing
46 silly cache afterAdd live-server@1.1.0
47 verbose afterAdd /home/juan/.npm/live-server/1.1.0/package/package.json not in flight; writing
48 verbose correctMkdir /home/juan/.npm correctMkdir not in flight; initializing
49 verbose afterAdd /home/juan/.npm/live-server/1.1.0/package/package.json written
50 silly install resolved [ { name: 'live-server',
50 silly install resolved     version: '1.1.0',
50 silly install resolved     description: 'simple development http server with live reload capability',
50 silly install resolved     keywords: [ 'front-end', 'development', 'tool', 'server', 'http', 'cli' ],
50 silly install resolved     author: { name: 'Tapio Vierros' },
50 silly install resolved     dependencies:
50 silly install resolved      { colors: 'latest',
50 silly install resolved        connect: '3.4.x',
50 silly install resolved        cors: 'latest',
50 silly install resolved        'event-stream': 'latest',
50 silly install resolved        'faye-websocket': '0.11.x',
50 silly install resolved        'http-auth': '2.4.x',
50 silly install resolved        morgan: '^1.6.1',
50 silly install resolved        'object-assign': 'latest',
50 silly install resolved        opn: 'latest',
50 silly install resolved        'proxy-middleware': 'latest',
50 silly install resolved        send: 'latest',
50 silly install resolved        'serve-index': '^1.7.2',
50 silly install resolved        watchr: '2.6.x' },
50 silly install resolved     devDependencies:
50 silly install resolved      { mocha: '^2.3.3',
50 silly install resolved        supertest: '^1.0.1',
50 silly install resolved        eslint: '^2.8.0',
50 silly install resolved        jshint: '^2.9.2' },
50 silly install resolved     scripts:
50 silly install resolved      { lint: 'eslint live-server.js index.js',
50 silly install resolved        hint: 'jshint live-server.js index.js',
50 silly install resolved        test: 'mocha test && npm run lint' },
50 silly install resolved     bin: { 'live-server': './live-server.js' },
50 silly install resolved     repository:
50 silly install resolved      { type: 'git',
50 silly install resolved        url: 'git+https://github.com/tapio/live-server.git' },
50 silly install resolved     engines: { node: '>=0.10.0' },
50 silly install resolved     preferGlobal: true,
50 silly install resolved     license: 'MIT',
50 silly install resolved     eslintConfig: { env: [Object], rules: [Object] },
50 silly install resolved     gitHead: 'e1cfee72efd7d96f9e68e51d487f5adfad9ffbee',
50 silly install resolved     bugs: { url: 'https://github.com/tapio/live-server/issues' },
50 silly install resolved     homepage: 'https://github.com/tapio/live-server#readme',
50 silly install resolved     _id: 'live-server@1.1.0',
50 silly install resolved     _shasum: 'a69f0e6ca581e0391aa57941970e17c308dd4869',
50 silly install resolved     _from: 'live-server@latest',
50 silly install resolved     _npmVersion: '2.15.8',
50 silly install resolved     _nodeVersion: '4.4.7',
50 silly install resolved     _npmUser: { name: 'tapio', email: 'tapiovierros@gmail.com' },
50 silly install resolved     maintainers: [ [Object] ],
50 silly install resolved     dist:
50 silly install resolved      { shasum: 'a69f0e6ca581e0391aa57941970e17c308dd4869',
50 silly install resolved        tarball: 'https://registry.npmjs.org/live-server/-/live-server-1.1.0.tgz' },
50 silly install resolved     _npmOperationalInternal:
50 silly install resolved      { host: 'packages-16-east.internal.npmjs.com',
50 silly install resolved        tmp: 'tmp/live-server-1.1.0.tgz_1471184212826_0.7530093262903392' },
50 silly install resolved     directories: {},
50 silly install resolved     _resolved: 'https://registry.npmjs.org/live-server/-/live-server-1.1.0.tgz' } ]
51 info install live-server@1.1.0 into /usr/lib
52 info installOne live-server@1.1.0
53 verbose installOne of live-server to /usr/lib not in flight; installing
54 verbose correctMkdir /home/juan/.npm/_locks correctMkdir not in flight; initializing
55 verbose lock using /home/juan/.npm/_locks/live-server-5607e69563b9e634.lock for /usr/lib/node_modules/live-server
56 silly install write writing live-server 1.1.0 to /usr/lib/node_modules/live-server
57 verbose unbuild lib/node_modules/live-server
58 silly gentlyRm /usr/lib/node_modules/live-server is being purged from base /usr
59 verbose gentlyRm don't care about contents; nuking /usr/lib/node_modules/live-server
60 verbose tar unpack /home/juan/.npm/live-server/1.1.0/package.tgz
61 verbose tar unpacking to /usr/lib/node_modules/live-server
62 silly gentlyRm /usr/lib/node_modules/live-server is being purged
63 verbose gentlyRm don't care about contents; nuking /usr/lib/node_modules/live-server
64 silly gunzTarPerm modes [ '775', '664' ]
65 error tar.unpack untar error /home/juan/.npm/live-server/1.1.0/package.tgz
66 verbose unlock done using /home/juan/.npm/_locks/live-server-5607e69563b9e634.lock for /usr/lib/node_modules/live-server
67 verbose fstream_path /usr/lib/node_modules/live-server
68 verbose fstream_type Directory
69 verbose fstream_class DirWriter
70 verbose stack Error: EACCES: permission denied, mkdir '/usr/lib/node_modules/live-server'
70 verbose stack     at Error (native)
71 verbose fstream_stack /usr/lib/node_modules/npm/node_modules/fstream/lib/dir-writer.js:35:25
71 verbose fstream_stack /usr/lib/node_modules/npm/node_modules/mkdirp/index.js:47:53
71 verbose fstream_stack FSReqWrap.oncomplete (fs.js:82:15)
72 verbose cwd /home/juan/SharedServer/WebApp/src/js
73 error Linux 3.19.0-68-generic
74 error argv "/usr/bin/nodejs" "/usr/bin/npm" "install" "-g" "live-server"
75 error node v4.5.0
76 error npm  v2.15.9
77 error path /usr/lib/node_modules/live-server
78 error code EACCES
79 error errno -13
80 error syscall mkdir
81 error Error: EACCES: permission denied, mkdir '/usr/lib/node_modules/live-server'
81 error     at Error (native)
81 error  { [Error: EACCES: permission denied, mkdir '/usr/lib/node_modules/live-server']
81 error   errno: -13,
81 error   code: 'EACCES',
81 error   syscall: 'mkdir',
81 error   path: '/usr/lib/node_modules/live-server',
81 error   fstream_type: 'Directory',
81 error   fstream_path: '/usr/lib/node_modules/live-server',
81 error   fstream_class: 'DirWriter',
81 error   fstream_stack:
81 error    [ '/usr/lib/node_modules/npm/node_modules/fstream/lib/dir-writer.js:35:25',
81 error      '/usr/lib/node_modules/npm/node_modules/mkdirp/index.js:47:53',
81 error      'FSReqWrap.oncomplete (fs.js:82:15)' ] }
82 error Please try running this command again as root/Administrator.
83 verbose exit [ -13, true ]
84 verbose unbuild lib/node_modules/live-server
85 silly gentlyRm /usr/lib/node_modules/live-server is being purged from base /usr
86 verbose gentlyRm don't care about contents; nuking /usr/lib/node_modules/live-server
